2020-05-04 19:19:27,781 INFO  [Log] *******started execution*********** 
2020-05-04 19:19:51,708 INFO  [Log] Application Opened Successfully 
2020-05-04 19:22:50,004 INFO  [Log] *******started execution*********** 
2020-05-04 19:22:56,765 INFO  [Log] Application Opened Successfully 
2020-05-04 19:23:41,104 INFO  [Log] Application close successfully 
2020-05-04 19:23:41,104 INFO  [Log] *******End execution*********** 
2020-05-04 19:23:46,730 INFO  [Log] Appliation closed 
2020-05-04 19:31:34,171 INFO  [Log] *******started execution*********** 
2020-05-04 19:31:53,028 INFO  [Log] Application Opened Successfully 
2020-05-04 19:32:40,019 INFO  [Log] *******started execution*********** 
2020-05-04 19:32:43,673 INFO  [Log] Application Opened Successfully 
2020-05-04 19:34:27,872 INFO  [Log] *******started execution*********** 
2020-05-04 19:34:33,630 INFO  [Log] Application Opened Successfully 
2020-05-04 19:35:32,961 INFO  [Log] Application close successfully 
2020-05-04 19:35:32,962 INFO  [Log] *******End execution*********** 
2020-05-04 19:35:36,052 INFO  [Log] Appliation closed 
2020-05-04 19:35:42,133 INFO  [Log] *******started execution*********** 
2020-05-04 19:35:50,421 INFO  [Log] Application Opened Successfully 
2020-05-04 19:36:34,548 INFO  [Log] Application close successfully 
2020-05-04 19:36:34,548 INFO  [Log] *******End execution*********** 
2020-05-04 19:36:36,330 INFO  [Log] Appliation closed 
